This is pdfTeX, Version 3.141592653-2.6-1.40.25 (TeX Live 2023) (preloaded format=pdflatex 2023.8.27)  12 OCT 2023 10:27
entering extended mode
 restricted \write18 enabled.
 %&-line parsing enabled.
**\input ./Rd2.tex \input ./Rd2.tex \input ./Rd2.tex
 (./Rd2.tex
(/usr/local/texlive/2023/texmf-dist/tex/latex/base/book.cls
Document Class: book 2022/07/02 v1.4n Standard LaTeX document class
(/usr/local/texlive/2023/texmf-dist/tex/latex/base/bk10.clo
File: bk10.clo 2022/07/02 v1.4n Standard LaTeX file (size option)
)
\c@part=\count185
\c@chapter=\count186
\c@section=\count187
\c@subsection=\count188
\c@subsubsection=\count189
\c@paragraph=\count190
\c@subparagraph=\count191
\c@figure=\count192
\c@table=\count193
\abovecaptionskip=\skip48
\belowcaptionskip=\skip49
\bibindent=\dimen140
)
(/Library/Frameworks/R.framework/Resources/share/texmf/tex/latex/Rd.sty
Package: Rd 

(/usr/local/texlive/2023/texmf-dist/tex/latex/base/ifthen.sty
Package: ifthen 2022/04/13 v1.1d Standard LaTeX ifthen package (DPC)
)
(/usr/local/texlive/2023/texmf-dist/tex/latex/tools/longtable.sty
Package: longtable 2021-09-01 v4.17 Multi-page Table package (DPC)
\LTleft=\skip50
\LTright=\skip51
\LTpre=\skip52
\LTpost=\skip53
\LTchunksize=\count194
\LTcapwidth=\dimen141
\LT@head=\box51
\LT@firsthead=\box52
\LT@foot=\box53
\LT@lastfoot=\box54
\LT@gbox=\box55
\LT@cols=\count195
\LT@rows=\count196
\c@LT@tables=\count197
\c@LT@chunks=\count198
\LT@p@ftn=\toks16
)
(/usr/local/texlive/2023/texmf-dist/tex/latex/tools/bm.sty
Package: bm 2022/01/05 v1.2f Bold Symbol Support (DPC/FMi)
\symboldoperators=\mathgroup4
\symboldletters=\mathgroup5
\symboldsymbols=\mathgroup6
Package bm Info: No bold for \OMX/cmex/m/n, using \pmb.
LaTeX Font Info:    Redeclaring math alphabet \mathbf on input line 149.
)
(/usr/local/texlive/2023/texmf-dist/tex/latex/base/alltt.sty
Package: alltt 2021/01/29 v2.0g defines alltt environment
)
(/usr/local/texlive/2023/texmf-dist/tex/latex/tools/verbatim.sty
Package: verbatim 2022-07-02 v1.5u LaTeX2e package for verbatim enhancements
\every@verbatim=\toks17
\verbatim@line=\toks18
\verbatim@in@stream=\read2
)
(/usr/local/texlive/2023/texmf-dist/tex/latex/url/url.sty
\Urlmuskip=\muskip16
Package: url 2013/09/16  ver 3.4  Verb mode for urls, etc.
)
(/usr/local/texlive/2023/texmf-dist/tex/latex/base/textcomp.sty
Package: textcomp 2020/02/02 v2.0n Standard LaTeX package
)
(/usr/local/texlive/2023/texmf-dist/tex/latex/amsmath/amsmath.sty
Package: amsmath 2022/04/08 v2.17n AMS math features
\@mathmargin=\skip54

For additional information on amsmath, use the `?' option.
(/usr/local/texlive/2023/texmf-dist/tex/latex/amsmath/amstext.sty
Package: amstext 2021/08/26 v2.01 AMS text

(/usr/local/texlive/2023/texmf-dist/tex/latex/amsmath/amsgen.sty
File: amsgen.sty 1999/11/30 v2.0 generic functions
\@emptytoks=\toks19
\ex@=\dimen142
))
(/usr/local/texlive/2023/texmf-dist/tex/latex/amsmath/amsbsy.sty
Package: amsbsy 1999/11/29 v1.2d Bold Symbols
LaTeX Info: Redefining \boldsymbol on input line 28.
\pmbraise@=\dimen143
)
(/usr/local/texlive/2023/texmf-dist/tex/latex/amsmath/amsopn.sty
Package: amsopn 2022/04/08 v2.04 operator names
)
\inf@bad=\count199
LaTeX Info: Redefining \frac on input line 234.
\uproot@=\count266
\leftroot@=\count267
LaTeX Info: Redefining \overline on input line 399.
LaTeX Info: Redefining \colon on input line 410.
\classnum@=\count268
\DOTSCASE@=\count269
LaTeX Info: Redefining \ldots on input line 496.
LaTeX Info: Redefining \dots on input line 499.
LaTeX Info: Redefining \cdots on input line 620.
\Mathstrutbox@=\box56
\strutbox@=\box57
LaTeX Info: Redefining \big on input line 722.
LaTeX Info: Redefining \Big on input line 723.
LaTeX Info: Redefining \bigg on input line 724.
LaTeX Info: Redefining \Bigg on input line 725.
\big@size=\dimen144
LaTeX Font Info:    Redeclaring font encoding OML on input line 743.
LaTeX Font Info:    Redeclaring font encoding OMS on input line 744.
\macc@depth=\count270
LaTeX Info: Redefining \bmod on input line 905.
LaTeX Info: Redefining \pmod on input line 910.
LaTeX Info: Redefining \smash on input line 940.
LaTeX Info: Redefining \relbar on input line 970.
LaTeX Info: Redefining \Relbar on input line 971.
\c@MaxMatrixCols=\count271
\dotsspace@=\muskip17
\c@parentequation=\count272
\dspbrk@lvl=\count273
\tag@help=\toks20
\row@=\count274
\column@=\count275
\maxfields@=\count276
\andhelp@=\toks21
\eqnshift@=\dimen145
\alignsep@=\dimen146
\tagshift@=\dimen147
\tagwidth@=\dimen148
\totwidth@=\dimen149
\lineht@=\dimen150
\@envbody=\toks22
\multlinegap=\skip55
\multlinetaggap=\skip56
\mathdisplay@stack=\toks23
LaTeX Info: Redefining \[ on input line 2953.
LaTeX Info: Redefining \] on input line 2954.
)
(/usr/local/texlive/2023/texmf-dist/tex/latex/amsfonts/amsfonts.sty
Package: amsfonts 2013/01/14 v3.01 Basic AMSFonts support
\symAMSa=\mathgroup7
\symAMSb=\mathgroup8
LaTeX Font Info:    Redeclaring math symbol \hbar on input line 98.
LaTeX Font Info:    Overwriting math alphabet `\mathfrak' in version `bold'
(Font)                  U/euf/m/n --> U/euf/b/n on input line 106.
)
(/usr/local/texlive/2023/texmf-dist/tex/latex/amsfonts/amssymb.sty
Package: amssymb 2013/01/14 v3.01 AMS font symbols
)
(/usr/local/texlive/2023/texmf-dist/tex/latex/jknapltx/mathrsfs.sty
Package: mathrsfs 1996/01/01 Math RSFS package v1.0 (jk)
\symrsfs=\mathgroup9
)
\ldescriptionwidth=\skip57

(/usr/local/texlive/2023/texmf-dist/tex/generic/iftex/iftex.sty
Package: iftex 2022/02/03 v1.0f TeX engine tests
)
(/usr/local/texlive/2023/texmf-dist/tex/latex/base/fontenc.sty
Package: fontenc 2021/04/29 v2.0v Standard LaTeX package
)
(/usr/local/texlive/2023/texmf-dist/tex/latex/psnfss/times.sty
Package: times 2020/03/25 PSNFSS-v9.3 (SPQR) 
)
(/usr/local/texlive/2023/texmf-dist/tex/latex/inconsolata/zi4.sty
Package: zi4 2019/05/17 v1.12

`inconsolata-zi4' v1.12, 2019/05/17 Text macros for Inconsolata (msharpe)
(/usr/local/texlive/2023/texmf-dist/tex/latex/xkeyval/xkeyval.sty
Package: xkeyval 2022/06/16 v2.9 package option processing (HA)

(/usr/local/texlive/2023/texmf-dist/tex/generic/xkeyval/xkeyval.tex
(/usr/local/texlive/2023/texmf-dist/tex/generic/xkeyval/xkvutils.tex
\XKV@toks=\toks24
\XKV@tempa@toks=\toks25

(/usr/local/texlive/2023/texmf-dist/tex/generic/xkeyval/keyval.tex))
\XKV@depth=\count277
File: xkeyval.tex 2014/12/03 v2.7a key=value parser (HA)
))
\zifour@ocount=\count278
)
(/usr/local/texlive/2023/texmf-dist/tex/latex/graphics/color.sty
Package: color 2022/01/06 v1.3d Standard LaTeX Color (DPC)

(/usr/local/texlive/2023/texmf-dist/tex/latex/graphics-cfg/color.cfg
File: color.cfg 2016/01/02 v1.6 sample color configuration
)
Package color Info: Driver file: pdftex.def on input line 149.

(/usr/local/texlive/2023/texmf-dist/tex/latex/graphics-def/pdftex.def
File: pdftex.def 2022/09/22 v1.2b Graphics/color driver for pdftex
)
(/usr/local/texlive/2023/texmf-dist/tex/latex/graphics/mathcolor.ltx))
(/usr/local/texlive/2023/texmf-dist/tex/latex/hyperref/hyperref.sty
Package: hyperref 2023-02-07 v7.00v Hypertext links for LaTeX

(/usr/local/texlive/2023/texmf-dist/tex/generic/ltxcmds/ltxcmds.sty
Package: ltxcmds 2020-05-10 v1.25 LaTeX kernel commands for general use (HO)
)
(/usr/local/texlive/2023/texmf-dist/tex/generic/pdftexcmds/pdftexcmds.sty
Package: pdftexcmds 2020-06-27 v0.33 Utility functions of pdfTeX for LuaTeX (HO
)

(/usr/local/texlive/2023/texmf-dist/tex/generic/infwarerr/infwarerr.sty
Package: infwarerr 2019/12/03 v1.5 Providing info/warning/error messages (HO)
)
Package pdftexcmds Info: \pdf@primitive is available.
Package pdftexcmds Info: \pdf@ifprimitive is available.
Package pdftexcmds Info: \pdfdraftmode found.
)
(/usr/local/texlive/2023/texmf-dist/tex/latex/kvsetkeys/kvsetkeys.sty
Package: kvsetkeys 2022-10-05 v1.19 Key value parser (HO)
)
(/usr/local/texlive/2023/texmf-dist/tex/generic/kvdefinekeys/kvdefinekeys.sty
Package: kvdefinekeys 2019-12-19 v1.6 Define keys (HO)
)
(/usr/local/texlive/2023/texmf-dist/tex/generic/pdfescape/pdfescape.sty
Package: pdfescape 2019/12/09 v1.15 Implements pdfTeX's escape features (HO)
)
(/usr/local/texlive/2023/texmf-dist/tex/latex/hycolor/hycolor.sty
Package: hycolor 2020-01-27 v1.10 Color options for hyperref/bookmark (HO)
)
(/usr/local/texlive/2023/texmf-dist/tex/latex/letltxmacro/letltxmacro.sty
Package: letltxmacro 2019/12/03 v1.6 Let assignment for LaTeX macros (HO)
)
(/usr/local/texlive/2023/texmf-dist/tex/latex/auxhook/auxhook.sty
Package: auxhook 2019-12-17 v1.6 Hooks for auxiliary files (HO)
)
(/usr/local/texlive/2023/texmf-dist/tex/latex/hyperref/nameref.sty
Package: nameref 2022-05-17 v2.50 Cross-referencing by name of section

(/usr/local/texlive/2023/texmf-dist/tex/latex/refcount/refcount.sty
Package: refcount 2019/12/15 v3.6 Data extraction from label references (HO)
)
(/usr/local/texlive/2023/texmf-dist/tex/generic/gettitlestring/gettitlestring.s
ty
Package: gettitlestring 2019/12/15 v1.6 Cleanup title references (HO)
 (/usr/local/texlive/2023/texmf-dist/tex/latex/kvoptions/kvoptions.sty
Package: kvoptions 2022-06-15 v3.15 Key value format for package options (HO)
))
\c@section@level=\count279
)
\@linkdim=\dimen151
\Hy@linkcounter=\count280
\Hy@pagecounter=\count281

(/usr/local/texlive/2023/texmf-dist/tex/latex/hyperref/pd1enc.def
File: pd1enc.def 2023-02-07 v7.00v Hyperref: PDFDocEncoding definition (HO)
Now handling font encoding PD1 ...
... no UTF-8 mapping file for font encoding PD1
)
(/usr/local/texlive/2023/texmf-dist/tex/generic/intcalc/intcalc.sty
Package: intcalc 2019/12/15 v1.3 Expandable calculations with integers (HO)
)
(/usr/local/texlive/2023/texmf-dist/tex/generic/etexcmds/etexcmds.sty
Package: etexcmds 2019/12/15 v1.7 Avoid name clashes with e-TeX commands (HO)
)
\Hy@SavedSpaceFactor=\count282

(/usr/local/texlive/2023/texmf-dist/tex/latex/hyperref/puenc.def
File: puenc.def 2023-02-07 v7.00v Hyperref: PDF Unicode definition (HO)
Now handling font encoding PU ...
... no UTF-8 mapping file for font encoding PU
)
Package hyperref Info: Hyper figures OFF on input line 4177.
Package hyperref Info: Link nesting OFF on input line 4182.
Package hyperref Info: Hyper index ON on input line 4185.
Package hyperref Info: Plain pages OFF on input line 4192.
Package hyperref Info: Backreferencing OFF on input line 4197.
Package hyperref Info: Implicit mode ON; LaTeX internals redefined.
Package hyperref Info: Bookmarks ON on input line 4425.
\c@Hy@tempcnt=\count283
LaTeX Info: Redefining \url on input line 4763.
\XeTeXLinkMargin=\dimen152

(/usr/local/texlive/2023/texmf-dist/tex/generic/bitset/bitset.sty
Package: bitset 2019/12/09 v1.3 Handle bit-vector datatype (HO)

(/usr/local/texlive/2023/texmf-dist/tex/generic/bigintcalc/bigintcalc.sty
Package: bigintcalc 2019/12/15 v1.5 Expandable calculations on big integers (HO
)
))
\Fld@menulength=\count284
\Field@Width=\dimen153
\Fld@charsize=\dimen154
Package hyperref Info: Hyper figures OFF on input line 6042.
Package hyperref Info: Link nesting OFF on input line 6047.
Package hyperref Info: Hyper index ON on input line 6050.
Package hyperref Info: backreferencing OFF on input line 6057.
Package hyperref Info: Link coloring OFF on input line 6062.
Package hyperref Info: Link coloring with OCG OFF on input line 6067.
Package hyperref Info: PDF/A mode OFF on input line 6072.

(/usr/local/texlive/2023/texmf-dist/tex/latex/base/atbegshi-ltx.sty
Package: atbegshi-ltx 2021/01/10 v1.0c Emulation of the original atbegshi
package with kernel methods
)
\Hy@abspage=\count285
\c@Item=\count286
\c@Hfootnote=\count287
)
Package hyperref Info: Driver (autodetected): hpdftex.

(/usr/local/texlive/2023/texmf-dist/tex/latex/hyperref/hpdftex.def
File: hpdftex.def 2023-02-07 v7.00v Hyperref driver for pdfTeX

(/usr/local/texlive/2023/texmf-dist/tex/latex/base/atveryend-ltx.sty
Package: atveryend-ltx 2020/08/19 v1.0a Emulation of the original atveryend pac
kage
with kernel methods
)
\Fld@listcount=\count288
\c@bookmark@seq@number=\count289

(/usr/local/texlive/2023/texmf-dist/tex/latex/rerunfilecheck/rerunfilecheck.sty
Package: rerunfilecheck 2022-07-10 v1.10 Rerun checks for auxiliary files (HO)

(/usr/local/texlive/2023/texmf-dist/tex/generic/uniquecounter/uniquecounter.sty
Package: uniquecounter 2019/12/15 v1.4 Provide unlimited unique counter (HO)
)
Package uniquecounter Info: New unique counter `rerunfilecheck' on input line 2
85.
)
\Hy@SectionHShift=\skip58
)
Package hyperref Info: Option `colorlinks' set `true' on input line 390.
Package hyperref Info: Option `linktocpage' set `true' on input line 390.
Package hyperref Info: Option `plainpages' set `false' on input line 390.
) (/usr/local/texlive/2023/texmf-dist/tex/latex/base/makeidx.sty
Package: makeidx 2021/10/04 v1.0m Standard LaTeX package
)
(/usr/local/texlive/2023/texmf-dist/tex/latex/base/inputenc.sty
Package: inputenc 2021/02/14 v1.3d Input encoding file
\inpenc@prehook=\toks26
\inpenc@posthook=\toks27
)
\@indexfile=\write3
\openout3 = `Rd2.idx'.


Writing index file Rd2.idx
LaTeX Font Info:    Trying to load font information for T1+ptm on input line 8.

(/usr/local/texlive/2023/texmf-dist/tex/latex/psnfss/t1ptm.fd
File: t1ptm.fd 2001/06/04 font definitions for T1/ptm.
)
(/usr/local/texlive/2023/texmf-dist/tex/latex/l3backend/l3backend-pdftex.def
File: l3backend-pdftex.def 2023-01-16 L3 backend support: PDF output (pdfTeX)
\l__color_backend_stack_int=\count290
\l__pdf_internal_box=\box58
)
(/private/var/folders/ww/ms12h31127j_k8ml9ybjch680000gq/T/RtmpqAWnWy/Rd2pdf2b98
5db5e7bd/Rd2.aux)
\openout1 = `Rd2.aux'.

LaTeX Font Info:    Checking defaults for OML/cmm/m/it on input line 8.
LaTeX Font Info:    ... okay on input line 8.
LaTeX Font Info:    Checking defaults for OMS/cmsy/m/n on input line 8.
LaTeX Font Info:    ... okay on input line 8.
LaTeX Font Info:    Checking defaults for OT1/cmr/m/n on input line 8.
LaTeX Font Info:    ... okay on input line 8.
LaTeX Font Info:    Checking defaults for T1/cmr/m/n on input line 8.
LaTeX Font Info:    ... okay on input line 8.
LaTeX Font Info:    Checking defaults for TS1/cmr/m/n on input line 8.
LaTeX Font Info:    ... okay on input line 8.
LaTeX Font Info:    Checking defaults for OMX/cmex/m/n on input line 8.
LaTeX Font Info:    ... okay on input line 8.
LaTeX Font Info:    Checking defaults for U/cmr/m/n on input line 8.
LaTeX Font Info:    ... okay on input line 8.
LaTeX Font Info:    Checking defaults for PD1/pdf/m/n on input line 8.
LaTeX Font Info:    ... okay on input line 8.
LaTeX Font Info:    Checking defaults for PU/pdf/m/n on input line 8.
LaTeX Font Info:    ... okay on input line 8.

(/usr/local/texlive/2023/texmf-dist/tex/context/base/mkii/supp-pdf.mkii
[Loading MPS to PDF converter (version 2006.09.02).]
\scratchcounter=\count291
\scratchdimen=\dimen155
\scratchbox=\box59
\nofMPsegments=\count292
\nofMParguments=\count293
\everyMPshowfont=\toks28
\MPscratchCnt=\count294
\MPscratchDim=\dimen156
\MPnumerator=\count295
\makeMPintoPDFobject=\count296
\everyMPtoPDFconversion=\toks29
)
Package hyperref Info: Link coloring ON on input line 8.

(/private/var/folders/ww/ms12h31127j_k8ml9ybjch680000gq/T/RtmpqAWnWy/Rd2pdf2b98
5db5e7bd/Rd2.out)
(/private/var/folders/ww/ms12h31127j_k8ml9ybjch680000gq/T/RtmpqAWnWy/Rd2pdf2b98
5db5e7bd/Rd2.out)
\@outlinefile=\write4
\openout4 = `Rd2.out'.

LaTeX Font Info:    Trying to load font information for T1+zi4 on input line 22
.

(/usr/local/texlive/2023/texmf-dist/tex/latex/inconsolata/t1zi4.fd
File: t1zi4.fd 2018/01/14 T1/zi4 (Inconsolata)
)
LaTeX Font Info:    Font shape `T1/zi4/m/n' will be
(Font)              scaled to size 10.0pt on input line 22.
 [1


{/usr/local/texlive/2023/texmf-var/fonts/map/pdftex/updmap/pdftex.map}{/usr/loc
al/texlive/2023/texmf-dist/fonts/enc/dvips/base/8r.enc}{/usr/local/texlive/2023
/texmf-dist/fonts/enc/dvips/inconsolata/i4-t1-0.enc}] [2]
LaTeX Font Info:    Trying to load font information for T1+phv on input line 10
9.

(/usr/local/texlive/2023/texmf-dist/tex/latex/psnfss/t1phv.fd
File: t1phv.fd 2020/03/25 scalable font definitions for T1/phv.
)
(/private/var/folders/ww/ms12h31127j_k8ml9ybjch680000gq/T/RtmpqAWnWy/Rd2pdf2b98
5db5e7bd/Rd2.toc
LaTeX Font Info:    Trying to load font information for U+msa on input line 1.
 (/usr/local/texlive/2023/texmf-dist/tex/latex/amsfonts/umsa.fd
File: umsa.fd 2013/01/14 v3.01 AMS symbols A
)
LaTeX Font Info:    Trying to load font information for U+msb on input line 1.
 (/usr/local/texlive/2023/texmf-dist/tex/latex/amsfonts/umsb.fd
File: umsb.fd 2013/01/14 v3.01 AMS symbols B
)
LaTeX Font Info:    Trying to load font information for U+rsfs on input line 1.


(/usr/local/texlive/2023/texmf-dist/tex/latex/jknapltx/ursfs.fd
File: ursfs.fd 1998/03/24 rsfs font definition file (jk)
) [3] [4]
[5] [6] [7] [8] [9] [10] [11])
\tf@toc=\write5
\openout5 = `Rd2.toc'.

 [12]
LaTeX Font Info:    Trying to load font information for TS1+zi4 on input line 1
75.

(/usr/local/texlive/2023/texmf-dist/tex/latex/inconsolata/ts1zi4.fd
File: ts1zi4.fd 2018/01/14 TS1/zi4 (Inconsolata)
)
LaTeX Font Info:    Font shape `TS1/zi4/m/n' will be
(Font)              scaled to size 10.0pt on input line 175.
 [13{/usr/local/texlive/2023/texmf-dist/fonts/enc/dvips/inconsolata/i4-ts1.enc}
] [14]
[15] [16] [17] [18] [19] [20]
LaTeX Font Info:    Font shape `T1/zi4/m/n' will be
(Font)              scaled to size 9.0pt on input line 666.

Overfull \hbox (48.77782pt too wide) in paragraph at lines 675--675
 []\T1/zi4/m/n/9 # matplot(hours,Cpools,type="l",ylab="Concentrations",xlab="Ho
urs",lty=1,ylim=c(0,max(Cpools)*1.2))[] 
 []

[21]
Overfull \hbox (1.22768pt too wide) in paragraph at lines 734--736
[]\T1/ptm/m/n/10 a scalar rep-re-sent-ing the con-stant back-ground flux of sub
-strate (ug C/cm3 soil/hr) 
 []

[22]
Overfull \hbox (41.28088pt too wide) in paragraph at lines 776--776
 []\T1/zi4/m/n/9 matplot(hours,Cpools,type="l",ylab="Concentrations",xlab="Hour
s",lty=1,ylim=c(0,max(Cpools)*1.2))[] 
 []

[23] [24] [25] [26] [27] [28]
Package textcomp Info: Symbol \textasciigrave not provided by
(textcomp)             font family zi4 in TS1 encoding.
(textcomp)             Default family used instead on input line 1131.
LaTeX Font Info:    Trying to load font information for T1+cmtt on input line 1
131.

(/usr/local/texlive/2023/texmf-dist/tex/latex/base/t1cmtt.fd
File: t1cmtt.fd 2022/07/10 v2.5l Standard LaTeX font definitions
)
LaTeX Font Info:    Trying to load font information for TS1+cmtt on input line 
1131.

(/usr/local/texlive/2023/texmf-dist/tex/latex/base/ts1cmtt.fd
File: ts1cmtt.fd 2022/07/10 v2.5l Standard LaTeX font definitions
)
Package textcomp Info: Symbol \textasciigrave not provided by
(textcomp)             font family zi4 in TS1 encoding.
(textcomp)             Default family used instead on input line 1131.
 [29]
LaTeX Font Info:    Font shape `TS1/zi4/m/n' will be
(Font)              scaled to size 9.0pt on input line 1165.
 [30{/usr/local/texlive/2023/texmf-dist/fonts/enc/dvips/cm-super/cm-super-ts1.e
nc}]
[31] [32] [33] [34] [35] [36] [37] [38]
Overfull \hbox (28.06992pt too wide) in paragraph at lines 1564--1564
 []  \T1/zi4/m/n/10 ks = c(STR.surface = 0.076, MET.surface = 0.28, STR.belowgr
oun = 0.094, MET.belowground[] 
 []


Overfull \hbox (42.84833pt too wide) in paragraph at lines 1615--1618
[]\T1/ptm/m/n/10 A func-tion that solves the sys-tem of ODEs. This can be [][][
]\T1/zi4/m/n/10 euler[][][] []\T1/ptm/m/n/10 or [][][]\T1/zi4/m/n/10 deSolve.ls
oda.wrapper[][][]
 []

[39] [40]
Overfull \hbox (42.84833pt too wide) in paragraph at lines 1743--1746
[]\T1/ptm/m/n/10 A func-tion that solves the sys-tem of ODEs. This can be [][][
]\T1/zi4/m/n/10 euler[][][] []\T1/ptm/m/n/10 or [][][]\T1/zi4/m/n/10 deSolve.ls
oda.wrapper[][][]
 []

[41] [42] [43] [44] [45] [46] [47] [48] [49] [50] [51] [52] [53] [54] [55]
[56] [57] [58] [59] [60] [61] [62] [63] [64] [65] [66]
Overfull \hbox (3.77782pt too wide) in paragraph at lines 3031--3031
 []\T1/zi4/m/n/9 arrows(eCO2[,1],eCO2[,2]-eCO2[,3],eCO2[,1],eCO2[,2]+eCO2[,3], 
angle=90,length=0.3,code=3)[] 
 []


Overfull \hbox (68.78616pt too wide) in paragraph at lines 3062--3066
\T1/ptm/m/n/10 Oertel-Jaeger, I. Pavlyuke-vich, and C. Sierra, Eds.) [PhD thesi
s](https://suche.thulb.uni-jena.de/Record/1726091651) 
 []

[67]
Overfull \hbox (68.78616pt too wide) in paragraph at lines 3101--3105
\T1/ptm/m/n/10 Oertel-Jaeger, I. Pavlyuke-vich, and C. Sierra, Eds.) [PhD thesi
s](https://suche.thulb.uni-jena.de/Record/1726091651) 
 []

[68] [69] [70] [71] [72] [73] [74] [75]
Underfull \hbox (badness 1226) in paragraph at lines 3532--3532
[]\T1/ptm/m/it/10 Effects of tem-per-a-ture on de-com-po-si-tion rates ac-cord-
ing to the
 []

[76] [77] [78] [79] [80] [81] [82] [83] [84] [85] [86]
Overfull \hbox (6.36917pt too wide) in paragraph at lines 4163--4163
 []  \T1/zi4/m/n/10 ks = c(kr = 1/1.5, koi = 1/1.5, koeal = 1/4, koeah = 1/80, 
kA1 = 1/3, kA2 = 1/75, kM =[] 
 []

[87] [88] [89]
Package textcomp Info: Symbol \textasciigrave not provided by
(textcomp)             font family zi4 in TS1 encoding.
(textcomp)             Default family used instead on input line 4334.
Package textcomp Info: Symbol \textasciigrave not provided by
(textcomp)             font family zi4 in TS1 encoding.
(textcomp)             Default family used instead on input line 4334.
 [90] [91]
Overfull \hbox (54.50809pt too wide) in paragraph at lines 4444--4447
[]\T1/ptm/m/n/10 The func-tion used by to ac-tu-ally solve the ODE sys-tem. Thi
s can be [][][]\T1/zi4/m/n/10 deSolve.lsoda.wrapper[][][]
 []

[92]
Overfull \hbox (54.50809pt too wide) in paragraph at lines 4520--4523
[]\T1/ptm/m/n/10 The func-tion used by to ac-tu-ally solve the ODE sys-tem. Thi
s can be [][][]\T1/zi4/m/n/10 deSolve.lsoda.wrapper[][][]
 []

[93]
Overfull \hbox (9.78088pt too wide) in paragraph at lines 4586--4590
[]\T1/ptm/m/n/10 ##############################################################
###################
 []


Overfull \hbox (36.04704pt too wide) in paragraph at lines 4586--4590
\T1/ptm/m/n/10 # build the two mod-els (lin-ear and non-lin-ear) mod=GeneralMod
el( t, A,iv, in-pu-trates, de-S-olve.lsoda.wrapper)
 []


Overfull \hbox (209.87404pt too wide) in paragraph at lines 4591--4595
[]\T1/ptm/m/n/10 Ynonlin=getC(modnl) lt1=2 lt2=4 plot(t,Ynonlin[,1],type="l",lt
y=lt1,col=1, ylab="Concentrations",xlab="Time",ylim=c(min(Ynonlin),max(Ynonlin)
))
 []


Overfull \hbox (25.10606pt too wide) in paragraph at lines 4591--4595
\T1/ptm/m/n/10 lines(t,Ynonlin[,2],type="l",lty=lt2,col=2) leg-end("topleft",c(
"Pool 1", "Pool 2"),lty=c(lt1,lt2),col=c(1,2)) 
 []

[94] [95] [96]
Overfull \hbox (14.41937pt too wide) in paragraph at lines 4742--4750
[][][]\T1/zi4/m/n/10 Model_14[][][] []\T1/ptm/m/n/10 the func-tion [][][]\T1/zi
4/m/n/10 GeneralModel[][][] []\T1/ptm/m/n/10 or the func-tions listed in [][][]
\T1/zi4/m/n/10 predefinedModels[][][][]\T1/ptm/m/n/10 . 
 []

LaTeX Font Info:    Trying to load font information for TS1+ptm on input line 4
752.
(/usr/local/texlive/2023/texmf-dist/tex/latex/psnfss/ts1ptm.fd
File: ts1ptm.fd 2001/06/04 font definitions for TS1/ptm.
) [97]
Overfull \hbox (14.41937pt too wide) in paragraph at lines 4782--4790
[][][]\T1/zi4/m/n/10 Model_14[][][] []\T1/ptm/m/n/10 the func-tion [][][]\T1/zi
4/m/n/10 GeneralModel[][][] []\T1/ptm/m/n/10 or the func-tions listed in [][][]
\T1/zi4/m/n/10 predefinedModels[][][][]\T1/ptm/m/n/10 . 
 []


Overfull \hbox (14.41937pt too wide) in paragraph at lines 4833--4841
[][][]\T1/zi4/m/n/10 Model_14[][][] []\T1/ptm/m/n/10 the func-tion [][][]\T1/zi
4/m/n/10 GeneralModel[][][] []\T1/ptm/m/n/10 or the func-tions listed in [][][]
\T1/zi4/m/n/10 predefinedModels[][][][]\T1/ptm/m/n/10 . 
 []

[98]
Overfull \hbox (14.41937pt too wide) in paragraph at lines 4882--4890
[][][]\T1/zi4/m/n/10 Model_14[][][] []\T1/ptm/m/n/10 the func-tion [][][]\T1/zi
4/m/n/10 GeneralModel[][][] []\T1/ptm/m/n/10 or the func-tions listed in [][][]
\T1/zi4/m/n/10 predefinedModels[][][][]\T1/ptm/m/n/10 . 
 []

[99] [100] [101] [102] [103] [104] [105] [106] [107]
Overfull \hbox (14.41937pt too wide) in paragraph at lines 5361--5369
[][][]\T1/zi4/m/n/10 Model_14[][][] []\T1/ptm/m/n/10 the func-tion [][][]\T1/zi
4/m/n/10 GeneralModel[][][] []\T1/ptm/m/n/10 or the func-tions listed in [][][]
\T1/zi4/m/n/10 predefinedModels[][][][]\T1/ptm/m/n/10 . 
 []

[108]
Overfull \hbox (14.41937pt too wide) in paragraph at lines 5411--5419
[][][]\T1/zi4/m/n/10 Model_14[][][] []\T1/ptm/m/n/10 the func-tion [][][]\T1/zi
4/m/n/10 GeneralModel[][][] []\T1/ptm/m/n/10 or the func-tions listed in [][][]
\T1/zi4/m/n/10 predefinedModels[][][][]\T1/ptm/m/n/10 . 
 []

[109] [110] [111] [112] [113] [114] [115] [116] [117]
Overfull \hbox (14.41937pt too wide) in paragraph at lines 5918--5926
[][][]\T1/zi4/m/n/10 Model_14[][][] []\T1/ptm/m/n/10 the func-tion [][][]\T1/zi
4/m/n/10 GeneralModel[][][] []\T1/ptm/m/n/10 or the func-tions listed in [][][]
\T1/zi4/m/n/10 predefinedModels[][][][]\T1/ptm/m/n/10 . 
 []

[118] [119] [120] [121] [122] [123] [124]
Overfull \hbox (14.41937pt too wide) in paragraph at lines 6298--6306
[][][]\T1/zi4/m/n/10 Model_14[][][] []\T1/ptm/m/n/10 the func-tion [][][]\T1/zi
4/m/n/10 GeneralModel[][][] []\T1/ptm/m/n/10 or the func-tions listed in [][][]
\T1/zi4/m/n/10 predefinedModels[][][][]\T1/ptm/m/n/10 . 
 []

[125]
Overfull \hbox (14.41937pt too wide) in paragraph at lines 6337--6345
[][][]\T1/zi4/m/n/10 Model_14[][][] []\T1/ptm/m/n/10 the func-tion [][][]\T1/zi
4/m/n/10 GeneralModel[][][] []\T1/ptm/m/n/10 or the func-tions listed in [][][]
\T1/zi4/m/n/10 predefinedModels[][][][]\T1/ptm/m/n/10 . 
 []

[126] [127]
Overfull \hbox (14.41937pt too wide) in paragraph at lines 6495--6503
[][][]\T1/zi4/m/n/10 Model_14[][][] []\T1/ptm/m/n/10 the func-tion [][][]\T1/zi
4/m/n/10 GeneralModel[][][] []\T1/ptm/m/n/10 or the func-tions listed in [][][]
\T1/zi4/m/n/10 predefinedModels[][][][]\T1/ptm/m/n/10 . 
 []

[128]
Overfull \hbox (14.41937pt too wide) in paragraph at lines 6539--6547
[][][]\T1/zi4/m/n/10 Model_14[][][] []\T1/ptm/m/n/10 the func-tion [][][]\T1/zi
4/m/n/10 GeneralModel[][][] []\T1/ptm/m/n/10 or the func-tions listed in [][][]
\T1/zi4/m/n/10 predefinedModels[][][][]\T1/ptm/m/n/10 . 
 []

[129] [130] [131] [132]
Overfull \hbox (14.41937pt too wide) in paragraph at lines 6751--6759
[][][]\T1/zi4/m/n/10 Model_14[][][] []\T1/ptm/m/n/10 the func-tion [][][]\T1/zi
4/m/n/10 GeneralModel[][][] []\T1/ptm/m/n/10 or the func-tions listed in [][][]
\T1/zi4/m/n/10 predefinedModels[][][][]\T1/ptm/m/n/10 . 
 []


Overfull \hbox (14.41937pt too wide) in paragraph at lines 6787--6795
[][][]\T1/zi4/m/n/10 Model_14[][][] []\T1/ptm/m/n/10 the func-tion [][][]\T1/zi
4/m/n/10 GeneralModel[][][] []\T1/ptm/m/n/10 or the func-tions listed in [][][]
\T1/zi4/m/n/10 predefinedModels[][][][]\T1/ptm/m/n/10 . 
 []

[133] [134] [135] [136] [137] [138] [139] [140] [141] [142]
Package textcomp Info: Symbol \textasciigrave not provided by
(textcomp)             font family zi4 in TS1 encoding.
(textcomp)             Default family used instead on input line 7259.
Package textcomp Info: Symbol \textasciigrave not provided by
(textcomp)             font family zi4 in TS1 encoding.
(textcomp)             Default family used instead on input line 7259.

Overfull \hbox (42.84833pt too wide) in paragraph at lines 7305--7308
[]\T1/ptm/m/n/10 A func-tion that solves the sys-tem of ODEs. This can be [][][
]\T1/zi4/m/n/10 euler[][][] []\T1/ptm/m/n/10 or [][][]\T1/zi4/m/n/10 deSolve.ls
oda.wrapper[][][]
 []

[143] [144] [145]
Overfull \hbox (3.77782pt too wide) in paragraph at lines 7472--7472
 []\T1/zi4/m/n/9 arrows(eCO2[,1],eCO2[,2]-eCO2[,3],eCO2[,1],eCO2[,2]+eCO2[,3], 
angle=90,length=0.3,code=3)[] 
 []

[146] [147]
Package textcomp Info: Symbol \textasciigrave not provided by
(textcomp)             font family zi4 in TS1 encoding.
(textcomp)             Default family used instead on input line 7546.
Package textcomp Info: Symbol \textasciigrave not provided by
(textcomp)             font family zi4 in TS1 encoding.
(textcomp)             Default family used instead on input line 7546.
 [148] [149] [150] [151]
Package textcomp Info: Symbol \textasciigrave not provided by
(textcomp)             font family zi4 in TS1 encoding.
(textcomp)             Default family used instead on input line 7778.
Package textcomp Info: Symbol \textasciigrave not provided by
(textcomp)             font family zi4 in TS1 encoding.
(textcomp)             Default family used instead on input line 7778.
 [152] [153]
Package textcomp Info: Symbol \textasciigrave not provided by
(textcomp)             font family zi4 in TS1 encoding.
(textcomp)             Default family used instead on input line 7829.
Package textcomp Info: Symbol \textasciigrave not provided by
(textcomp)             font family zi4 in TS1 encoding.
(textcomp)             Default family used instead on input line 7829.
 [154] [155] [156] [157]
[158] [159] [160] [161] [162] [163] [164] [165] [166]
Package textcomp Info: Symbol \textasciigrave not provided by
(textcomp)             font family zi4 in TS1 encoding.
(textcomp)             Default family used instead on input line 8541.
Package textcomp Info: Symbol \textasciigrave not provided by
(textcomp)             font family zi4 in TS1 encoding.
(textcomp)             Default family used instead on input line 8541.
 [167]
Package textcomp Info: Symbol \textasciigrave not provided by
(textcomp)             font family zi4 in TS1 encoding.
(textcomp)             Default family used instead on input line 8595.
Package textcomp Info: Symbol \textasciigrave not provided by
(textcomp)             font family zi4 in TS1 encoding.
(textcomp)             Default family used instead on input line 8595.
 [168]
Package textcomp Info: Symbol \textasciigrave not provided by
(textcomp)             font family zi4 in TS1 encoding.
(textcomp)             Default family used instead on input line 8619.
Package textcomp Info: Symbol \textasciigrave not provided by
(textcomp)             font family zi4 in TS1 encoding.
(textcomp)             Default family used instead on input line 8619.
 [169]
Overfull \hbox (42.84833pt too wide) in paragraph at lines 8683--8686
[]\T1/ptm/m/n/10 A func-tion that solves the sys-tem of ODEs. This can be [][][
]\T1/zi4/m/n/10 euler[][][] []\T1/ptm/m/n/10 or [][][]\T1/zi4/m/n/10 deSolve.ls
oda.wrapper[][][]
 []

[170] [171]
Overfull \hbox (51.39781pt too wide) in paragraph at lines 8814--8817
[]\T1/ptm/m/n/10 The func-tion used to ac-tu-ally solve the ODE sys-tem. The de
-fault is [][][]\T1/zi4/m/n/10 deSolve.lsoda.wrapper[][][]
 []

[172]
Underfull \hbox (badness 10000) in paragraph at lines 8864--8868

 []

[173] [174]
Overfull \hbox (54.50809pt too wide) in paragraph at lines 8981--8984
[]\T1/ptm/m/n/10 The func-tion used by to ac-tu-ally solve the ODE sys-tem. Thi
s can be [][][]\T1/zi4/m/n/10 deSolve.lsoda.wrapper[][][]
 []


Overfull \hbox (38.27475pt too wide) in paragraph at lines 9001--9001
 []\T1/zi4/m/n/9 # inst/tests/requireSoilR/runit.all.possible.Model.arguments.R
 test.all.possible.Model.arguments:[] 
 []

[175]
Underfull \vbox (badness 10000) has occurred while \output is active []

 [176]
Underfull \vbox (badness 10000) has occurred while \output is active []

 [177]
[178]
Overfull \hbox (12.43787pt too wide) in paragraph at lines 9218--9220
[]\T1/ptm/m/n/10 This func-tion cre-ates a model for one pool. It is a wrap-per
 for the more gen-eral func-tion [][][]\T1/zi4/m/n/10 GeneralModel[][][][]\T1/p
tm/m/n/10 . 
 []


Overfull \hbox (42.84833pt too wide) in paragraph at lines 9243--9246
[]\T1/ptm/m/n/10 A func-tion that solves the sys-tem of ODEs. This can be [][][
]\T1/zi4/m/n/10 euler[][][] []\T1/ptm/m/n/10 or [][][]\T1/zi4/m/n/10 deSolve.ls
oda.wrapper[][][]
 []

[179]
Overfull \hbox (27.43787pt too wide) in paragraph at lines 9312--9314
[]\T1/ptm/m/n/10 This func-tion cre-ates a model for one pool. It is a wrap-per
 for the more gen-eral func-tion [][][]\T1/zi4/m/n/10 GeneralModel_14[][][][]\T
1/ptm/m/n/10 . 
 []

[180]
Overfull \hbox (42.84833pt too wide) in paragraph at lines 9365--9368
[]\T1/ptm/m/n/10 A func-tion that solves the sys-tem of ODEs. This can be [][][
]\T1/zi4/m/n/10 euler[][][] []\T1/ptm/m/n/10 or [][][]\T1/zi4/m/n/10 deSolve.ls
oda.wrapper[][][]
 []

[181] [182] [183] [184]
Package textcomp Info: Symbol \textasciigrave not provided by
(textcomp)             font family zi4 in TS1 encoding.
(textcomp)             Default family used instead on input line 9546.
Package textcomp Info: Symbol \textasciigrave not provided by
(textcomp)             font family zi4 in TS1 encoding.
(textcomp)             Default family used instead on input line 9546.
 [185]
Package textcomp Info: Symbol \textasciigrave not provided by
(textcomp)             font family zi4 in TS1 encoding.
(textcomp)             Default family used instead on input line 9598.
Package textcomp Info: Symbol \textasciigrave not provided by
(textcomp)             font family zi4 in TS1 encoding.
(textcomp)             Default family used instead on input line 9598.

Overfull \hbox (64.2487pt too wide) in paragraph at lines 9624--9628
\T1/ptm/m/n/10 queried af-ter-wards. It is used by the con-ve-nient wrap-per fu
nc-tions [][][]\T1/zi4/m/n/10 TwopParallelModel[][][] []\T1/ptm/m/n/10 and [][]
[]\T1/zi4/m/n/10 ThreepParallelModel[][][]
 []

[186]
Overfull \hbox (42.60806pt too wide) in paragraph at lines 9661--9664
[]\T1/ptm/m/n/10 The func-tion used to ac-tu-ally solve the ODE sys-tem. This c
an be [][][]\T1/zi4/m/n/10 deSolve.lsoda.wrapper[][][]
 []

[187]
Overfull \hbox (68.78616pt too wide) in paragraph at lines 9741--9745
\T1/ptm/m/n/10 Oertel-Jaeger, I. Pavlyuke-vich, and C. Sierra, Eds.) [PhD thesi
s](https://suche.thulb.uni-jena.de/Record/1726091651) 
 []

[188] [189] [190] [191] [192]
Overfull \hbox (19.77943pt too wide) in paragraph at lines 9976--9979
[][][]\T1/zi4/m/n/10 plotPoolGraph[][][] []\T1/ptm/m/n/10 generic of the newer 
model classes [][][]\T1/zi4/m/n/10 SymbolicModel_by_PoolNames[][][][]\T1/ptm/m/
n/10 . 
 []

[193] [194] [195] [196] [197] [198] [199] [200]
Overfull \hbox (13.457pt too wide) in paragraph at lines 10435--10437
[]\T1/ptm/m/n/10 A scalar or data.frame ob-ject spec-i-fy-ing the ex-ter-nal (e
n-vi-ron-men-tal and/or edaphic)
 []


Overfull \hbox (42.84833pt too wide) in paragraph at lines 10438--10441
[]\T1/ptm/m/n/10 A func-tion that solves the sys-tem of ODEs. This can be [][][
]\T1/zi4/m/n/10 euler[][][] []\T1/ptm/m/n/10 or [][][]\T1/zi4/m/n/10 deSolve.ls
oda.wrapper[][][]
 []

[201] [202]
Package textcomp Info: Symbol \textasciigrave not provided by
(textcomp)             font family zi4 in TS1 encoding.
(textcomp)             Default family used instead on input line 10564.
Package textcomp Info: Symbol \textasciigrave not provided by
(textcomp)             font family zi4 in TS1 encoding.
(textcomp)             Default family used instead on input line 10564.
Package textcomp Info: Symbol \textasciigrave not provided by
(textcomp)             font family zi4 in TS1 encoding.
(textcomp)             Default family used instead on input line 10585.
Package textcomp Info: Symbol \textasciigrave not provided by
(textcomp)             font family zi4 in TS1 encoding.
(textcomp)             Default family used instead on input line 10585.
 [203] [204] [205]
Overfull \hbox (13.457pt too wide) in paragraph at lines 10700--10702
[]\T1/ptm/m/n/10 A scalar or data.frame ob-ject spec-i-fy-ing the ex-ter-nal (e
n-vi-ron-men-tal and/or edaphic)
 []


Overfull \hbox (42.84833pt too wide) in paragraph at lines 10703--10706
[]\T1/ptm/m/n/10 A func-tion that solves the sys-tem of ODEs. This can be [][][
]\T1/zi4/m/n/10 euler[][][] []\T1/ptm/m/n/10 or [][][]\T1/zi4/m/n/10 deSolve.ls
oda.wrapper[][][]
 []

[206]
Overfull \hbox (13.457pt too wide) in paragraph at lines 10797--10799
[]\T1/ptm/m/n/10 A scalar or data.frame ob-ject spec-i-fy-ing the ex-ter-nal (e
n-vi-ron-men-tal and/or edaphic)
 []


Overfull \hbox (42.84833pt too wide) in paragraph at lines 10811--10814
[]\T1/ptm/m/n/10 A func-tion that solves the sys-tem of ODEs. This can be [][][
]\T1/zi4/m/n/10 euler[][][] []\T1/ptm/m/n/10 or [][][]\T1/zi4/m/n/10 deSolve.ls
oda.wrapper[][][]
 []

[207] [208] [209] [210]
Overfull \hbox (21.83684pt too wide) in paragraph at lines 11024--11026
[]\T1/ptm/m/n/10 Subclass of list that is guar-an-teed to con-tain only el-e-me
nts of type [][]StateIn-de-pen-dentIn-Flux_by_PoolIndex[][][] 
 []

[211] [212] [213] [214]
Overfull \hbox (13.457pt too wide) in paragraph at lines 11253--11255
[]\T1/ptm/m/n/10 A scalar or data.frame ob-ject spec-i-fy-ing the ex-ter-nal (e
n-vi-ron-men-tal and/or edaphic)
 []


Overfull \hbox (42.84833pt too wide) in paragraph at lines 11256--11259
[]\T1/ptm/m/n/10 A func-tion that solves the sys-tem of ODEs. This can be [][][
]\T1/zi4/m/n/10 euler[][][] []\T1/ptm/m/n/10 or [][][]\T1/zi4/m/n/10 deSolve.ls
oda.wrapper[][][]
 []

[215]
Overfull \hbox (18.78088pt too wide) in paragraph at lines 11290--11290
 []\T1/zi4/m/n/9 Ex1=ThreepFeedbackModel(t=t,ks=ks,a21=0.5,a12=0.1,a32=0.2,a23=
0.1,C0=C0,In=In,xi=TempEffect)[] 
 []

[216] [217]
Overfull \hbox (42.84833pt too wide) in paragraph at lines 11460--11463
[]\T1/ptm/m/n/10 A func-tion that solves the sys-tem of ODEs. This can be [][][
]\T1/zi4/m/n/10 euler[][][] []\T1/ptm/m/n/10 or [][][]\T1/zi4/m/n/10 deSolve.ls
oda.wrapper[][][]
 []

[218] [219]
Underfull \vbox (badness 10000) has occurred while \output is active []

 [220]
Overfull \hbox (42.84833pt too wide) in paragraph at lines 11640--11643
[]\T1/ptm/m/n/10 A func-tion that solves the sys-tem of ODEs. This can be [][][
]\T1/zi4/m/n/10 euler[][][] []\T1/ptm/m/n/10 or [][][]\T1/zi4/m/n/10 deSolve.ls
oda.wrapper[][][]
 []

[221] [222]
Overfull \hbox (42.84833pt too wide) in paragraph at lines 11759--11762
[]\T1/ptm/m/n/10 A func-tion that solves the sys-tem of ODEs. This can be [][][
]\T1/zi4/m/n/10 euler[][][] []\T1/ptm/m/n/10 or [][][]\T1/zi4/m/n/10 deSolve.ls
oda.wrapper[][][]
 []

[223] [224]
Overfull \hbox (13.457pt too wide) in paragraph at lines 11864--11866
[]\T1/ptm/m/n/10 A scalar or data.frame ob-ject spec-i-fy-ing the ex-ter-nal (e
n-vi-ron-men-tal and/or edaphic)
 []


Overfull \hbox (42.84833pt too wide) in paragraph at lines 11867--11870
[]\T1/ptm/m/n/10 A func-tion that solves the sys-tem of ODEs. This can be [][][
]\T1/zi4/m/n/10 euler[][][] []\T1/ptm/m/n/10 or [][][]\T1/zi4/m/n/10 deSolve.ls
oda.wrapper[][][]
 []

[225] [226]
Overfull \hbox (42.84833pt too wide) in paragraph at lines 11983--11986
[]\T1/ptm/m/n/10 A func-tion that solves the sys-tem of ODEs. This can be [][][
]\T1/zi4/m/n/10 euler[][][] []\T1/ptm/m/n/10 or [][][]\T1/zi4/m/n/10 deSolve.ls
oda.wrapper[][][]
 []

[227] [228]
Package textcomp Info: Symbol \textasciigrave not provided by
(textcomp)             font family zi4 in TS1 encoding.
(textcomp)             Default family used instead on input line 12107.
Package textcomp Info: Symbol \textasciigrave not provided by
(textcomp)             font family zi4 in TS1 encoding.
(textcomp)             Default family used instead on input line 12107.
Package textcomp Info: Symbol \textasciigrave not provided by
(textcomp)             font family zi4 in TS1 encoding.
(textcomp)             Default family used instead on input line 12128.
Package textcomp Info: Symbol \textasciigrave not provided by
(textcomp)             font family zi4 in TS1 encoding.
(textcomp)             Default family used instead on input line 12128.
 [229] [230] [231]
Overfull \hbox (17.2161pt too wide) in paragraph at lines 12297--12300
[]\T1/ptm/m/n/10 The class rep-re-sents func-tions which are de-fined on a (pos
-si-bly in-fi-nite) in-ter-val from [start-time,endtime]
 []

[232] [233] [234] [235] [236]
Overfull \hbox (13.457pt too wide) in paragraph at lines 12527--12529
[]\T1/ptm/m/n/10 A scalar or data.frame ob-ject spec-i-fy-ing the ex-ter-nal (e
n-vi-ron-men-tal and/or edaphic)
 []


Overfull \hbox (42.84833pt too wide) in paragraph at lines 12530--12533
[]\T1/ptm/m/n/10 A func-tion that solves the sys-tem of ODEs. This can be [][][
]\T1/zi4/m/n/10 euler[][][] []\T1/ptm/m/n/10 or [][][]\T1/zi4/m/n/10 deSolve.ls
oda.wrapper[][][]
 []

[237]
Overfull \hbox (21.76862pt too wide) in paragraph at lines 12586--12586
 []\T1/zi4/m/n/9 plot(times,rowSums(CtP),type="l",ylim=c(0,20),ylab="Carbon sto
cks (arbitrary units)",xlab=" ")[] 
 []


Overfull \hbox (39.76862pt too wide) in paragraph at lines 12592--12592
 []\T1/zi4/m/n/9 plot(times,rowSums(RtP),type="l",ylim=c(0,3),ylab="Carbon rele
ase (arbitrary units)", xlab="Time")[] 
 []

[238]
Overfull \hbox (42.84833pt too wide) in paragraph at lines 12666--12669
[]\T1/ptm/m/n/10 A func-tion that solves the sys-tem of ODEs. This can be [][][
]\T1/zi4/m/n/10 euler[][][] []\T1/ptm/m/n/10 or [][][]\T1/zi4/m/n/10 deSolve.ls
oda.wrapper[][][]
 []

[239] [240]
Overfull \hbox (32.28088pt too wide) in paragraph at lines 12779--12779
 []\T1/zi4/m/n/9 matplot(days,Cpools,type="l",ylab="Concentrations",xlab="Days"
,lty=1,ylim=c(0,max(Cpools)*1.2))[] 
 []


Overfull \hbox (32.28088pt too wide) in paragraph at lines 12802--12802
 []\T1/zi4/m/n/9 matplot(days,Cpools,type="l",ylab="Concentrations",xlab="Days"
,lty=1,ylim=c(0,max(Cpools)*1.2))[] 
 []

[241]
Overfull \hbox (42.84833pt too wide) in paragraph at lines 12854--12857
[]\T1/ptm/m/n/10 A func-tion that solves the sys-tem of ODEs. This can be [][][
]\T1/zi4/m/n/10 euler[][][] []\T1/ptm/m/n/10 or [][][]\T1/zi4/m/n/10 deSolve.ls
oda.wrapper[][][]
 []

[242] [243]
Overfull \hbox (42.84833pt too wide) in paragraph at lines 12966--12969
[]\T1/ptm/m/n/10 A func-tion that solves the sys-tem of ODEs. This can be [][][
]\T1/zi4/m/n/10 euler[][][] []\T1/ptm/m/n/10 or [][][]\T1/zi4/m/n/10 deSolve.ls
oda.wrapper[][][]
 []

[244]
Overfull \hbox (42.84833pt too wide) in paragraph at lines 13051--13054
[]\T1/ptm/m/n/10 A func-tion that solves the sys-tem of ODEs. This can be [][][
]\T1/zi4/m/n/10 euler[][][] []\T1/ptm/m/n/10 or [][][]\T1/zi4/m/n/10 deSolve.ls
oda.wrapper[][][]
 []

[245] [246]
Overfull \hbox (42.84833pt too wide) in paragraph at lines 13166--13169
[]\T1/ptm/m/n/10 A func-tion that solves the sys-tem of ODEs. This can be [][][
]\T1/zi4/m/n/10 euler[][][] []\T1/ptm/m/n/10 or [][][]\T1/zi4/m/n/10 deSolve.ls
oda.wrapper[][][]
 []

[247]
Package textcomp Info: Symbol \textasciigrave not provided by
(textcomp)             font family zi4 in TS1 encoding.
(textcomp)             Default family used instead on input line 13239.
Package textcomp Info: Symbol \textasciigrave not provided by
(textcomp)             font family zi4 in TS1 encoding.
(textcomp)             Default family used instead on input line 13239.
 [248]
Package textcomp Info: Symbol \textasciigrave not provided by
(textcomp)             font family zi4 in TS1 encoding.
(textcomp)             Default family used instead on input line 13283.
Package textcomp Info: Symbol \textasciigrave not provided by
(textcomp)             font family zi4 in TS1 encoding.
(textcomp)             Default family used instead on input line 13283.

Overfull \hbox (18.8995pt too wide) in paragraph at lines 13295--13297
[]\T1/ptm/m/n/10 Other Un-Bound-Lin-De-com-pOp_constructor: [][][]\T1/zi4/m/n/1
0 getFunctionDefinition,UnBoundLinDecompOp-method[][][] 
 []

[249]
Package textcomp Info: Symbol \textasciigrave not provided by
(textcomp)             font family zi4 in TS1 encoding.
(textcomp)             Default family used instead on input line 13352.
Package textcomp Info: Symbol \textasciigrave not provided by
(textcomp)             font family zi4 in TS1 encoding.
(textcomp)             Default family used instead on input line 13352.

Overfull \hbox (91.11948pt too wide) in paragraph at lines 13364--13366
[]\T1/ptm/m/n/10 Other Un-Bound-Non-Lin-De-com-pOp_constructor: [][][]\T1/zi4/m
/n/10 UnBoundNonLinDecompOp,missing,vector,vector,numeric-method[][][] 
 []


Overfull \hbox (106.11948pt too wide) in paragraph at lines 13393--13395
[]\T1/ptm/m/n/10 Other Un-Bound-Non-Lin-De-com-pOp_constructor: [][][]\T1/zi4/m
/n/10 UnBoundNonLinDecompOp,function,missing,missing,missing-method[][][] 
 []

[250] [251]
Overfull \hbox (13.457pt too wide) in paragraph at lines 13471--13473
[]\T1/ptm/m/n/10 A scalar or data.frame ob-ject spec-i-fy-ing the ex-ter-nal (e
n-vi-ron-men-tal and/or edaphic)
 []


Overfull \hbox (42.84833pt too wide) in paragraph at lines 13474--13477
[]\T1/ptm/m/n/10 A func-tion that solves the sys-tem of ODEs. This can be [][][
]\T1/zi4/m/n/10 euler[][][] []\T1/ptm/m/n/10 or [][][]\T1/zi4/m/n/10 deSolve.ls
oda.wrapper[][][]
 []

[252]
Overfull \hbox (1.3794pt too wide) in paragraph at lines 13531--13531
 []  \T1/zi4/m/n/10 ks = c(a_fwl = 0.54, a_cwl = 0.03, k_ext = 0.48, k_cel = 0.
3, k_lig = 0.22, k_hum1 =[] 
 []


Overfull \hbox (13.0597pt too wide) in paragraph at lines 13536--13536
 []  \T1/zi4/m/n/10 In = c(u_fwl = 0.0758, u_cwl = 0.0866, u_nwl_cnwl_ext = 0.2
51 * 0.3, u_nwl_cnwl_cel =[] 
 []


Overfull \hbox (13.457pt too wide) in paragraph at lines 13560--13562
[]\T1/ptm/m/n/10 A scalar or data.frame ob-ject spec-i-fy-ing the ex-ter-nal (e
n-vi-ron-men-tal and/or edaphic)
 []


Overfull \hbox (42.84833pt too wide) in paragraph at lines 13563--13566
[]\T1/ptm/m/n/10 A func-tion that solves the sys-tem of ODEs. This can be [][][
]\T1/zi4/m/n/10 euler[][][] []\T1/ptm/m/n/10 or [][][]\T1/zi4/m/n/10 deSolve.ls
oda.wrapper[][][]
 []

[253] [254] [255]
(/private/var/folders/ww/ms12h31127j_k8ml9ybjch680000gq/T/RtmpqAWnWy/Rd2pdf2b98
5db5e7bd/Rd2.ind [256]
Overfull \hbox (68.3567pt too wide) in paragraph at lines 4--6
[]| \T1/zi4/m/n/10 getFunctionDefinition,UnBoundLinDecompOp-method\T1/ptm/m/n/1
0 , 
 []


Overfull \hbox (3.3567pt too wide) in paragraph at lines 6--8
[]| \T1/zi4/m/n/10 UnBoundLinDecompOp,function-method\T1/ptm/m/n/10 , 
 []


Overfull \hbox (138.3567pt too wide) in paragraph at lines 9--11
[]| \T1/zi4/m/n/10 UnBoundNonLinDecompOp,function,missing,missing,missing-metho
d\T1/ptm/m/n/10 , 
 []


Overfull \hbox (123.3567pt too wide) in paragraph at lines 11--13
[]| \T1/zi4/m/n/10 UnBoundNonLinDecompOp,missing,vector,vector,numeric-method\T
1/ptm/m/n/10 , 
 []


Overfull \hbox (18.3567pt too wide) in paragraph at lines 27--29
[]| \T1/zi4/m/n/10 from_integer_flux_lists_with_defaults\T1/ptm/m/n/10 , 
 []


Overfull \hbox (13.3567pt too wide) in paragraph at lines 30--32
[]\T1/zi4/m/n/10 [,Model,character,missing,missing-method\T1/ptm/m/n/10 , 
 []


Overfull \hbox (63.3567pt too wide) in paragraph at lines 46--48
[]\T1/zi4/m/n/10 AbsoluteFractionModern_from_Delta14C,matrix-method\T1/ptm/m/n/
10 , 
 []


Overfull \hbox (68.3567pt too wide) in paragraph at lines 48--50
[]\T1/zi4/m/n/10 AbsoluteFractionModern_from_Delta14C,numeric-method\T1/ptm/m/n
/10 , 
 []


Overfull \hbox (13.3567pt too wide) in paragraph at lines 53--55
[]\T1/zi4/m/n/10 as.numeric,InFluxList_by_PoolName-method\T1/ptm/m/n/10 , 
 []


Overfull \hbox (23.3567pt too wide) in paragraph at lines 55--57
[]\T1/zi4/m/n/10 as.numeric,InternalFlux_by_PoolName-method\T1/ptm/m/n/10 , 
 []


Overfull \hbox (43.3567pt too wide) in paragraph at lines 57--59
[]\T1/zi4/m/n/10 as.numeric,InternalFluxList_by_PoolName-method\T1/ptm/m/n/10 ,
 
 []


Overfull \hbox (18.3567pt too wide) in paragraph at lines 59--61
[]\T1/zi4/m/n/10 as.numeric,OutFluxList_by_PoolName-method\T1/ptm/m/n/10 , 
 []


Overfull \hbox (13.3567pt too wide) in paragraph at lines 62--64
[]\T1/zi4/m/n/10 availableParticleProperties,MCSim-method\T1/ptm/m/n/10 , 
 []


Overfull \hbox (23.3567pt too wide) in paragraph at lines 83--85
[]\T1/zi4/m/n/10 BoundLinDecompOp,UnBoundLinDecompOp-method\T1/ptm/m/n/10 , 
 []


Overfull \hbox (103.3567pt too wide) in paragraph at lines 87--89
[]\T1/zi4/m/n/10 by_PoolIndex,ConstantInFluxRate_by_PoolName,ANY,ANY-method\T1/
ptm/m/n/10 , 
 []


Overfull \hbox (133.3567pt too wide) in paragraph at lines 89--91
[]\T1/zi4/m/n/10 by_PoolIndex,ConstantInternalFluxRate_by_PoolName,ANY,ANY-meth
od\T1/ptm/m/n/10 , 
 []


Overfull \hbox (153.3567pt too wide) in paragraph at lines 91--93
[]\T1/zi4/m/n/10 by_PoolIndex,ConstantInternalFluxRateList_by_PoolName,ANY,ANY-
method\T1/ptm/m/n/10 , 
 []


Overfull \hbox (108.3567pt too wide) in paragraph at lines 93--95
[]\T1/zi4/m/n/10 by_PoolIndex,ConstantOutFluxRate_by_PoolName,ANY,ANY-method\T1
/ptm/m/n/10 , 
 []


Overfull \hbox (128.3567pt too wide) in paragraph at lines 95--97
[]\T1/zi4/m/n/10 by_PoolIndex,ConstantOutFluxRateList_by_PoolName,ANY,ANY-metho
d\T1/ptm/m/n/10 , 
 []

[257

]
Overfull \hbox (53.3567pt too wide) in paragraph at lines 97--99
[]\T1/zi4/m/n/10 by_PoolIndex,function,character,character-method\T1/ptm/m/n/10
 , 
 []


Overfull \hbox (103.3567pt too wide) in paragraph at lines 99--101
[]\T1/zi4/m/n/10 by_PoolIndex,InFlux_by_PoolName,character,character-method\T1/
ptm/m/n/10 , 
 []


Overfull \hbox (123.3567pt too wide) in paragraph at lines 101--103
[]\T1/zi4/m/n/10 by_PoolIndex,InFluxList_by_PoolName,character,character-method
\T1/ptm/m/n/10 , 
 []


Overfull \hbox (133.3567pt too wide) in paragraph at lines 103--105
[]\T1/zi4/m/n/10 by_PoolIndex,InternalFlux_by_PoolName,character,character-meth
od\T1/ptm/m/n/10 , 
 []


Overfull \hbox (153.3567pt too wide) in paragraph at lines 105--107
[]\T1/zi4/m/n/10 by_PoolIndex,InternalFluxList_by_PoolName,character,character-
method\T1/ptm/m/n/10 , 
 []


Overfull \hbox (108.3567pt too wide) in paragraph at lines 107--109
[]\T1/zi4/m/n/10 by_PoolIndex,OutFlux_by_PoolName,character,character-method\T1
/ptm/m/n/10 , 
 []


Overfull \hbox (128.3567pt too wide) in paragraph at lines 109--111
[]\T1/zi4/m/n/10 by_PoolIndex,OutFluxList_by_PoolName,character,character-metho
d\T1/ptm/m/n/10 , 
 []


Overfull \hbox (83.3567pt too wide) in paragraph at lines 111--113
[]\T1/zi4/m/n/10 by_PoolIndex,PoolConnection_by_PoolName,ANY,ANY-method\T1/ptm/
m/n/10 , 
 []


Overfull \hbox (43.3567pt too wide) in paragraph at lines 114--116
[]\T1/zi4/m/n/10 by_PoolName,ConstantInFlux_by_PoolIndex-method\T1/ptm/m/n/10 ,
 
 []


Overfull \hbox (63.3567pt too wide) in paragraph at lines 116--118
[]\T1/zi4/m/n/10 by_PoolName,ConstantInFluxList_by_PoolIndex-method\T1/ptm/m/n/
10 , 
 []


Overfull \hbox (63.3567pt too wide) in paragraph at lines 118--120
[]\T1/zi4/m/n/10 by_PoolName,ConstantInFluxRate_by_PoolIndex-method\T1/ptm/m/n/
10 , 
 []


Overfull \hbox (113.3567pt too wide) in paragraph at lines 120--122
[]\T1/zi4/m/n/10 by_PoolName,ConstantInternalFluxRateList_by_PoolIndex-method\T
1/ptm/m/n/10 , 
 []


Overfull \hbox (68.3567pt too wide) in paragraph at lines 122--124
[]\T1/zi4/m/n/10 by_PoolName,ConstantOutFluxRate_by_PoolIndex-method\T1/ptm/m/n
/10 , 
 []


Overfull \hbox (88.3567pt too wide) in paragraph at lines 124--126
[]\T1/zi4/m/n/10 by_PoolName,ConstantOutFluxRateList_by_PoolIndex-method\T1/ptm
/m/n/10 , 
 []


Overfull \hbox (98.3567pt too wide) in paragraph at lines 145--147
[]\T1/zi4/m/n/10 check_pool_ids,PoolConnection_by_PoolIndex,integer-method\T1/p
tm/m/n/10 , 
 []


Overfull \hbox (73.3567pt too wide) in paragraph at lines 159--161
[]\T1/zi4/m/n/10 ConstantInFluxList_by_PoolIndex,ConstInFluxes-method\T1/ptm/m/
n/10 , 
 []


Overfull \hbox (28.3567pt too wide) in paragraph at lines 161--163
[]\T1/zi4/m/n/10 ConstantInFluxList_by_PoolIndex,list-method\T1/ptm/m/n/10 , 
 []


Overfull \hbox (43.3567pt too wide) in paragraph at lines 163--165
[]\T1/zi4/m/n/10 ConstantInFluxList_by_PoolIndex,numeric-method\T1/ptm/m/n/10 ,
 
 []


Overfull \hbox (193.3567pt too wide) in paragraph at lines 177--179
[]\T1/zi4/m/n/10 ConstantInternalFluxRate_by_PoolIndex,numeric,numeric,missing,
numeric-method\T1/ptm/m/n/10 , 
 []


Overfull \hbox (28.3567pt too wide) in paragraph at lines 179--181
[]\T1/zi4/m/n/10 ConstantInternalFluxRate_by_PoolIndex-class\T1/ptm/m/n/10 , 
 []


Overfull \hbox (208.3567pt too wide) in paragraph at lines 183--185
[]\T1/zi4/m/n/10 ConstantInternalFluxRate_by_PoolName,character,character,missi
ng,numeric-method\T1/ptm/m/n/10 , 
 []


Overfull \hbox (198.3567pt too wide) in paragraph at lines 185--187
[]\T1/zi4/m/n/10 ConstantInternalFluxRate_by_PoolName,missing,missing,character
,numeric-method\T1/ptm/m/n/10 , 
 []


Overfull \hbox (23.3567pt too wide) in paragraph at lines 187--189
[]\T1/zi4/m/n/10 ConstantInternalFluxRate_by_PoolName-class\T1/ptm/m/n/10 , 
 []


Overfull \hbox (18.3567pt too wide) in paragraph at lines 189--191
[]\T1/zi4/m/n/10 ConstantInternalFluxRateList_by_PoolIndex\T1/ptm/m/n/10 , 
 []


Overfull \hbox (78.3567pt too wide) in paragraph at lines 191--193
[]\T1/zi4/m/n/10 ConstantInternalFluxRateList_by_PoolIndex,list-method\T1/ptm/m
/n/10 , 
 []


Overfull \hbox (93.3567pt too wide) in paragraph at lines 193--195
[]\T1/zi4/m/n/10 ConstantInternalFluxRateList_by_PoolIndex,numeric-method\T1/pt
m/m/n/10 , 
 []


Overfull \hbox (48.3567pt too wide) in paragraph at lines 195--197
[]\T1/zi4/m/n/10 ConstantInternalFluxRateList_by_PoolIndex-class\T1/ptm/m/n/10 
, 
 []


Overfull \hbox (13.3567pt too wide) in paragraph at lines 197--199
[]\T1/zi4/m/n/10 ConstantInternalFluxRateList_by_PoolName\T1/ptm/m/n/10 , 
 []


Overfull \hbox (73.3567pt too wide) in paragraph at lines 199--201
[]\T1/zi4/m/n/10 ConstantInternalFluxRateList_by_PoolName,list-method\T1/ptm/m/
n/10 , 
 []


Overfull \hbox (43.3567pt too wide) in paragraph at lines 201--203
[]\T1/zi4/m/n/10 ConstantInternalFluxRateList_by_PoolName-class\T1/ptm/m/n/10 ,
 
 []


Overfull \hbox (88.3567pt too wide) in paragraph at lines 205--207
[]\T1/zi4/m/n/10 ConstantOutFluxRate_by_PoolIndex,numeric,numeric-method\T1/ptm
/m/n/10 , 
 []


Overfull \hbox (3.3567pt too wide) in paragraph at lines 207--209
[]\T1/zi4/m/n/10 ConstantOutFluxRate_by_PoolIndex-class\T1/ptm/m/n/10 , 
 []

[258]
Overfull \hbox (53.3567pt too wide) in paragraph at lines 215--217
[]\T1/zi4/m/n/10 ConstantOutFluxRateList_by_PoolIndex,list-method\T1/ptm/m/n/10
 , 
 []


Overfull \hbox (68.3567pt too wide) in paragraph at lines 217--219
[]\T1/zi4/m/n/10 ConstantOutFluxRateList_by_PoolIndex,numeric-method\T1/ptm/m/n
/10 , 
 []


Overfull \hbox (23.3567pt too wide) in paragraph at lines 219--221
[]\T1/zi4/m/n/10 ConstantOutFluxRateList_by_PoolIndex-class\T1/ptm/m/n/10 , 
 []


Overfull \hbox (48.3567pt too wide) in paragraph at lines 223--225
[]\T1/zi4/m/n/10 ConstantOutFluxRateList_by_PoolName,list-method\T1/ptm/m/n/10 
, 
 []


Overfull \hbox (63.3567pt too wide) in paragraph at lines 225--227
[]\T1/zi4/m/n/10 ConstantOutFluxRateList_by_PoolName,numeric-method\T1/ptm/m/n/
10 , 
 []


Overfull \hbox (18.3567pt too wide) in paragraph at lines 227--229
[]\T1/zi4/m/n/10 ConstantOutFluxRateList_by_PoolName-class\T1/ptm/m/n/10 , 
 []


Overfull \hbox (113.3567pt too wide) in paragraph at lines 233--235
[]\T1/zi4/m/n/10 ConstInFluxes,ConstantInFluxList_by_PoolIndex,numeric-method\T
1/ptm/m/n/10 , 
 []


Overfull \hbox (123.3567pt too wide) in paragraph at lines 238--240
[]\T1/zi4/m/n/10 ConstLinDecompOp,matrix,missing,missing,missing,missing-method
\T1/ptm/m/n/10 , 
 []


Overfull \hbox (3.3567pt too wide) in paragraph at lines 242--244
[]\T1/zi4/m/n/10 ConstLinDecompOpWithLinearScalarFactor\T1/ptm/m/n/10 , 
 []


Overfull \hbox (33.3567pt too wide) in paragraph at lines 244--246
[]\T1/zi4/m/n/10 ConstLinDecompOpWithLinearScalarFactor-class\T1/ptm/m/n/10 , 
 []


Overfull \hbox (63.3567pt too wide) in paragraph at lines 262--264
[]\T1/zi4/m/n/10 Delta14C_from_AbsoluteFractionModern,matrix-method\T1/ptm/m/n/
10 , 
 []


Overfull \hbox (68.3567pt too wide) in paragraph at lines 264--266
[]\T1/zi4/m/n/10 Delta14C_from_AbsoluteFractionModern,numeric-method\T1/ptm/m/n
/10 , 
 []


Overfull \hbox (3.3567pt too wide) in paragraph at lines 322--324
[]\T1/zi4/m/n/10 example.2DBoundLinDecompOpFromFunction\T1/ptm/m/n/10 , 
 []


Overfull \hbox (13.3567pt too wide) in paragraph at lines 330--332
[]\T1/zi4/m/n/10 example.2DUnBoundLinDecompOpFromFunction\T1/ptm/m/n/10 , 
 []

[259]
Overfull \hbox (63.3567pt too wide) in paragraph at lines 420--422
[]\T1/zi4/m/n/10 getCompartmentalMatrixFunc,BoundLinDecompOp-method\T1/ptm/m/n/
10 , 
 []


Overfull \hbox (63.3567pt too wide) in paragraph at lines 422--424
[]\T1/zi4/m/n/10 getCompartmentalMatrixFunc,ConstLinDecompOp-method\T1/ptm/m/n/
10 , 
 []


Overfull \hbox (133.3567pt too wide) in paragraph at lines 424--426
[]\T1/zi4/m/n/10 getCompartmentalMatrixFunc,TransportDecompositionOperator-meth
od\T1/ptm/m/n/10 , 
 []


Overfull \hbox (88.3567pt too wide) in paragraph at lines 426--428
[]\T1/zi4/m/n/10 getCompartmentalMatrixFunc,UnBoundNonLinDecompOp-method\T1/ptm
/m/n/10 , 
 []


Overfull \hbox (83.3567pt too wide) in paragraph at lines 429--431
[]\T1/zi4/m/n/10 getConstantCompartmentalMatrix,ConstLinDecompOp-method\T1/ptm/
m/n/10 , 
 []


Overfull \hbox (193.3567pt too wide) in paragraph at lines 431--433
[]\T1/zi4/m/n/10 getConstantCompartmentalMatrix,ConstLinDecompOpWithLinearScala
rFactor-method\T1/ptm/m/n/10 , 
 []


Overfull \hbox (33.3567pt too wide) in paragraph at lines 434--436
[]\T1/zi4/m/n/10 getConstantInFluxVector,ConstInFluxes-method\T1/ptm/m/n/10 , 
 []


Overfull \hbox (33.3567pt too wide) in paragraph at lines 436--438
[]\T1/zi4/m/n/10 getConstantInternalFluxRateList_by_PoolIndex\T1/ptm/m/n/10 , 
 []


Overfull \hbox (153.3567pt too wide) in paragraph at lines 438--440
[]\T1/zi4/m/n/10 getConstantInternalFluxRateList_by_PoolIndex,ConstLinDecompOp-
method\T1/ptm/m/n/10 , 
 []


Overfull \hbox (8.3567pt too wide) in paragraph at lines 440--442
[]\T1/zi4/m/n/10 getConstantOutFluxRateList_by_PoolIndex\T1/ptm/m/n/10 , 
 []


Overfull \hbox (128.3567pt too wide) in paragraph at lines 442--444
[]\T1/zi4/m/n/10 getConstantOutFluxRateList_by_PoolIndex,ConstLinDecompOp-metho
d\T1/ptm/m/n/10 , 
 []


Overfull \hbox (138.3567pt too wide) in paragraph at lines 445--447
[]\T1/zi4/m/n/10 getConstLinDecompOp,ConstLinDecompOpWithLinearScalarFactor-met
hod\T1/ptm/m/n/10 , 
 []


Overfull \hbox (48.3567pt too wide) in paragraph at lines 453--455
[]\T1/zi4/m/n/10 getDotOut,TransportDecompositionOperator-method\T1/ptm/m/n/10 
, 
 []


Overfull \hbox (23.3567pt too wide) in paragraph at lines 466--468
[]\T1/zi4/m/n/10 getFunctionDefinition,ConstInFluxes-method\T1/ptm/m/n/10 , 
 []


Overfull \hbox (38.3567pt too wide) in paragraph at lines 468--470
[]\T1/zi4/m/n/10 getFunctionDefinition,ConstLinDecompOp-method\T1/ptm/m/n/10 , 

 []


Overfull \hbox (148.3567pt too wide) in paragraph at lines 470--472
[]\T1/zi4/m/n/10 getFunctionDefinition,ConstLinDecompOpWithLinearScalarFactor-m
ethod\T1/ptm/m/n/10 , 
 []


Overfull \hbox (63.3567pt too wide) in paragraph at lines 472--474
[]\T1/zi4/m/n/10 getFunctionDefinition,DecompositionOperator-method\T1/ptm/m/n/
10 , 
 []


Overfull \hbox (73.3567pt too wide) in paragraph at lines 474--476
[]\T1/zi4/m/n/10 getFunctionDefinition,InFluxList_by_PoolIndex-method\T1/ptm/m/
n/10 , 
 []


Overfull \hbox (68.3567pt too wide) in paragraph at lines 476--478
[]\T1/zi4/m/n/10 getFunctionDefinition,InFluxList_by_PoolName-method\T1/ptm/m/n
/10 , 
 []


Overfull \hbox (88.3567pt too wide) in paragraph at lines 478--480
[]\T1/zi4/m/n/10 getFunctionDefinition,StateDependentInFluxVector-method\T1/ptm
/m/n/10 , 
 []


Overfull \hbox (108.3567pt too wide) in paragraph at lines 482--484
[]\T1/zi4/m/n/10 getFunctionDefinition,TransportDecompositionOperator-method\T1
/ptm/m/n/10 , 
 []


Overfull \hbox (33.3567pt too wide) in paragraph at lines 484--486
[]\T1/zi4/m/n/10 getFunctionDefinition,UnBoundInFluxes-method\T1/ptm/m/n/10 , 
 []


Overfull \hbox (48.3567pt too wide) in paragraph at lines 486--488
[]\T1/zi4/m/n/10 getFunctionDefinition,UnBoundLinDecompOp-method\T1/ptm/m/n/10 
, 
 []


Overfull \hbox (143.3567pt too wide) in paragraph at lines 494--496
[]\T1/zi4/m/n/10 getLinearScaleFactor,ConstLinDecompOpWithLinearScalarFactor-me
thod\T1/ptm/m/n/10 , 
 []


Overfull \hbox (23.3567pt too wide) in paragraph at lines 497--499
[]\T1/zi4/m/n/10 getMeanTransitTime,ConstLinDecompOp-method\T1/ptm/m/n/10 , 
 []


Overfull \hbox (83.3567pt too wide) in paragraph at lines 502--504
[]\T1/zi4/m/n/10 getNumberOfPools,TransportDecompositionOperator-method\T1/ptm/
m/n/10 , 
 []

[260]
Overfull \hbox (133.3567pt too wide) in paragraph at lines 507--509
[]\T1/zi4/m/n/10 getOutputReceivers,TransportDecompositionOperator,numeric-meth
od\T1/ptm/m/n/10 , 
 []


Overfull \hbox (38.3567pt too wide) in paragraph at lines 510--512
[]\T1/zi4/m/n/10 getParticleMonteCarloSimulator,NlModel-method\T1/ptm/m/n/10 , 

 []


Overfull \hbox (13.3567pt too wide) in paragraph at lines 516--518
[]\T1/zi4/m/n/10 getReleaseFlux,Model_by_PoolNames-method\T1/ptm/m/n/10 , 
 []


Overfull \hbox (48.3567pt too wide) in paragraph at lines 523--525
[]\T1/zi4/m/n/10 getRightHandSideOfODE,Model_by_PoolNames-method\T1/ptm/m/n/10 
, 
 []


Overfull \hbox (103.3567pt too wide) in paragraph at lines 532--534
[]\T1/zi4/m/n/10 getTimeRange,ConstLinDecompOpWithLinearScalarFactor-method\T1/
ptm/m/n/10 , 
 []


Overfull \hbox (18.3567pt too wide) in paragraph at lines 534--536
[]\T1/zi4/m/n/10 getTimeRange,DecompositionOperator-method\T1/ptm/m/n/10 , 
 []


Overfull \hbox (3.3567pt too wide) in paragraph at lines 538--540
[]\T1/zi4/m/n/10 getTimeRange,UnBoundLinDecompOp-method\T1/ptm/m/n/10 , 
 []


Overfull \hbox (3.3567pt too wide) in paragraph at lines 546--548
[]\T1/zi4/m/n/10 getTransferCoefficients,NlModel-method\T1/ptm/m/n/10 , 
 []


Overfull \hbox (118.3567pt too wide) in paragraph at lines 548--550
[]\T1/zi4/m/n/10 getTransferCoefficients,TransportDecompositionOperator-method\
T1/ptm/m/n/10 , 
 []


Overfull \hbox (108.3567pt too wide) in paragraph at lines 552--554
[]\T1/zi4/m/n/10 getTransferMatrixFunc,TransportDecompositionOperator-method\T1
/ptm/m/n/10 , 
 []


Overfull \hbox (98.3567pt too wide) in paragraph at lines 555--557
[]\T1/zi4/m/n/10 getTransitTimeDistributionDensity,ConstLinDecompOp-method\T1/p
tm/m/n/10 , 
 []


Overfull \hbox (28.3567pt too wide) in paragraph at lines 576--578
[]\T1/zi4/m/n/10 InFlux_by_PoolIndex,function,numeric-method\T1/ptm/m/n/10 , 
 []


Overfull \hbox (33.3567pt too wide) in paragraph at lines 581--583
[]\T1/zi4/m/n/10 InFlux_by_PoolName,function,character-method\T1/ptm/m/n/10 , 
 []


Overfull \hbox (48.3567pt too wide) in paragraph at lines 588--590
[]\T1/zi4/m/n/10 InFluxes,ConstantInFluxList_by_PoolIndex-method\T1/ptm/m/n/10 
, 
 []


Overfull \hbox (88.3567pt too wide) in paragraph at lines 594--596
[]\T1/zi4/m/n/10 InFluxes,StateIndependentInFluxList_by_PoolIndex-method\T1/ptm
/m/n/10 , 
 []


Overfull \hbox (8.3567pt too wide) in paragraph at lines 607--609
[]\T1/zi4/m/n/10 initialize,DecompositionOperator-method\T1/ptm/m/n/10 , 
 []


Overfull \hbox (53.3567pt too wide) in paragraph at lines 616--618
[]\T1/zi4/m/n/10 initialize,TransportDecompositionOperator-method\T1/ptm/m/n/10
 , 
 []

[261]
Overfull \hbox (138.3567pt too wide) in paragraph at lines 627--629
[]\T1/zi4/m/n/10 InternalFlux_by_PoolIndex,function,numeric,numeric,missing-met
hod\T1/ptm/m/n/10 , 
 []


Overfull \hbox (153.3567pt too wide) in paragraph at lines 632--634
[]\T1/zi4/m/n/10 InternalFlux_by_PoolName,function,character,character,missing-
method\T1/ptm/m/n/10 , 
 []


Overfull \hbox (143.3567pt too wide) in paragraph at lines 634--636
[]\T1/zi4/m/n/10 InternalFlux_by_PoolName,function,missing,missing,character-me
thod\T1/ptm/m/n/10 , 
 []


Overfull \hbox (18.3567pt too wide) in paragraph at lines 638--640
[]\T1/zi4/m/n/10 InternalFluxList_by_PoolIndex,list-method\T1/ptm/m/n/10 , 
 []


Overfull \hbox (13.3567pt too wide) in paragraph at lines 643--645
[]\T1/zi4/m/n/10 InternalFluxList_by_PoolName,list-method\T1/ptm/m/n/10 , 
 []


Overfull \hbox (33.3567pt too wide) in paragraph at lines 729--731
[]\T1/zi4/m/n/10 OutFlux_by_PoolIndex,function,numeric-method\T1/ptm/m/n/10 , 
 []


Overfull \hbox (38.3567pt too wide) in paragraph at lines 734--736
[]\T1/zi4/m/n/10 OutFlux_by_PoolName,function,character-method\T1/ptm/m/n/10 , 

 []


Overfull \hbox (48.3567pt too wide) in paragraph at lines 761--763
[]\T1/zi4/m/n/10 plotPoolGraph,SymbolicModel_by_PoolNames-method\T1/ptm/m/n/10 
, 
 []


Overfull \hbox (63.3567pt too wide) in paragraph at lines 765--767
[]\T1/zi4/m/n/10 PoolConnection_by_PoolIndex,ANY,ANY,missing-method\T1/ptm/m/n/
10 , 
 []


Overfull \hbox (113.3567pt too wide) in paragraph at lines 767--769
[]\T1/zi4/m/n/10 PoolConnection_by_PoolIndex,missing,missing,character-method\T
1/ptm/m/n/10 , 
 []


Overfull \hbox (58.3567pt too wide) in paragraph at lines 771--773
[]\T1/zi4/m/n/10 PoolConnection_by_PoolName,ANY,ANY,missing-method\T1/ptm/m/n/1
0 , 
 []

[262]
Overfull \hbox (128.3567pt too wide) in paragraph at lines 833--835
[]\T1/zi4/m/n/10 ScalarTimeMap,data.frame,missing,missing,missing,missing-metho
d\T1/ptm/m/n/10 , 
 []


Overfull \hbox (118.3567pt too wide) in paragraph at lines 835--837
[]\T1/zi4/m/n/10 ScalarTimeMap,function,missing,missing,missing,missing-method\
T1/ptm/m/n/10 , 
 []


Overfull \hbox (118.3567pt too wide) in paragraph at lines 837--839
[]\T1/zi4/m/n/10 ScalarTimeMap,function,numeric,numeric,missing,missing-method\
T1/ptm/m/n/10 , 
 []


Overfull \hbox (113.3567pt too wide) in paragraph at lines 839--841
[]\T1/zi4/m/n/10 ScalarTimeMap,missing,missing,missing,missing,numeric-method\T
1/ptm/m/n/10 , 
 []


Overfull \hbox (113.3567pt too wide) in paragraph at lines 841--843
[]\T1/zi4/m/n/10 ScalarTimeMap,missing,missing,missing,numeric,numeric-method\T
1/ptm/m/n/10 , 
 []


LaTeX Font Warning: Font shape `T1/zi4/m/it' undefined
(Font)              using `T1/zi4/m/n' instead on input line 854.


Overfull \hbox (20.01662pt too wide) in paragraph at lines 854--856
\T1/ptm/m/it/10 (\T1/zi4/m/n/10 StateDependentInFluxVector-class\T1/ptm/m/it/10
 )\T1/ptm/m/n/10 , 
 []

LaTeX Font Info:    Font shape `T1/zi4/m/it' will be
(Font)              scaled to size 10.0pt on input line 859.

Overfull \hbox (65.01662pt too wide) in paragraph at lines 859--861
\T1/ptm/m/it/10 (\T1/zi4/m/it/10 StateIndependentInFlux_by_PoolIndex-class\T1/p
tm/m/it/10 )\T1/ptm/m/n/10 , 
 []


Overfull \hbox (18.3567pt too wide) in paragraph at lines 861--863
[]\T1/zi4/m/it/10 StateIndependentInFlux_by_PoolIndex-class\T1/ptm/m/n/10 , 
 []


Overfull \hbox (8.3567pt too wide) in paragraph at lines 863--865
[]\T1/zi4/m/it/10 StateIndependentInFluxList_by_PoolIndex\T1/ptm/m/n/10 , 
 []


Overfull \hbox (68.3567pt too wide) in paragraph at lines 865--867
[]\T1/zi4/m/it/10 StateIndependentInFluxList_by_PoolIndex,list-method\T1/ptm/m/
n/10 , 
 []


Overfull \hbox (38.3567pt too wide) in paragraph at lines 867--869
[]\T1/zi4/m/it/10 StateIndependentInFluxList_by_PoolIndex-class\T1/ptm/m/n/10 ,
 
 []


Overfull \hbox (3.3567pt too wide) in paragraph at lines 869--871
[]\T1/zi4/m/it/10 StateIndependentInFluxList_by_PoolName\T1/ptm/m/n/10 , 
 []


Overfull \hbox (20.01662pt too wide) in paragraph at lines 873--875
\T1/ptm/m/it/10 (\T1/zi4/m/it/10 SymbolicModel_by_PoolNames-class\T1/ptm/m/it/1
0 )\T1/ptm/m/n/10 , 
 []


Overfull \hbox (98.3567pt too wide) in paragraph at lines 897--899
[]\T1/zi4/m/it/10 TimeMap,data.frame,missing,missing,missing,missing-method\T1/
ptm/m/n/10 , 
 []


Overfull \hbox (88.3567pt too wide) in paragraph at lines 899--901
[]\T1/zi4/m/it/10 TimeMap,function,missing,missing,missing,missing-method\T1/pt
m/m/n/10 , 
 []


Overfull \hbox (88.3567pt too wide) in paragraph at lines 901--903
[]\T1/zi4/m/it/10 TimeMap,function,numeric,numeric,missing,missing-method\T1/pt
m/m/n/10 , 
 []


Overfull \hbox (68.3567pt too wide) in paragraph at lines 903--905
[]\T1/zi4/m/it/10 TimeMap,list,missing,missing,missing,missing-method\T1/ptm/m/
n/10 , 
 []


Overfull \hbox (73.3567pt too wide) in paragraph at lines 905--907
[]\T1/zi4/m/it/10 TimeMap,missing,missing,missing,numeric,array-method\T1/ptm/m
/n/10 , 
 []


Overfull \hbox (68.3567pt too wide) in paragraph at lines 907--909
[]\T1/zi4/m/it/10 TimeMap,missing,missing,missing,numeric,list-method\T1/ptm/m/
n/10 , 
 []


Overfull \hbox (78.3567pt too wide) in paragraph at lines 909--911
[]\T1/zi4/m/it/10 TimeMap,missing,missing,missing,numeric,matrix-method\T1/ptm/
m/n/10 , 
 []


Overfull \hbox (83.3567pt too wide) in paragraph at lines 911--913
[]\T1/zi4/m/it/10 TimeMap,missing,missing,missing,numeric,numeric-method\T1/ptm
/m/n/10 , 
 []


Overfull \hbox (3.3567pt too wide) in paragraph at lines 913--915
[]\T1/zi4/m/it/10 TimeMap,TimeMap,ANY,ANY,ANY,ANY-method\T1/ptm/m/n/10 , 
 []

[263]
Overfull \hbox (118.3567pt too wide) in paragraph at lines 957--959
[]\T1/zi4/m/it/10 UnBoundNonLinDecompOp,function,missing,missing,missing-method
\T1/ptm/m/n/10 , 
 []


Overfull \hbox (103.3567pt too wide) in paragraph at lines 959--961
[]\T1/zi4/m/it/10 UnBoundNonLinDecompOp,missing,vector,vector,numeric-method\T1
/ptm/m/n/10 , 
 []


Overfull \hbox (13.3567pt too wide) in paragraph at lines 964--966
[]\T1/zi4/m/it/10 UnBoundNonLinDecompOp_by_PoolNames-class\T1/ptm/m/n/10 , 
 []

[264

])
(/private/var/folders/ww/ms12h31127j_k8ml9ybjch680000gq/T/RtmpqAWnWy/Rd2pdf2b98
5db5e7bd/Rd2.aux)

LaTeX Font Warning: Some font shapes were not available, defaults substituted.

Package rerunfilecheck Info: File `Rd2.out' has not changed.
(rerunfilecheck)             Checksum: 5472A8E80761E5829BBBF15F7186561A;106643.

 ) 
Here is how much of TeX's memory you used:
 13682 strings out of 476025
 244520 string characters out of 5790017
 1869388 words of memory out of 5000000
 31167 multiletter control sequences out of 15000+600000
 553732 words of font info for 85 fonts, out of 8000000 for 9000
 1141 hyphenation exceptions out of 8191
 92i,6n,92p,706b,728s stack positions out of 10000i,1000n,20000p,200000b,200000s

pdfTeX warning (dest): name{Rfn.UnBoundNonLinDecompOp\\unhbox\040\\voidb@x\040\
\kern\040\\z@\040\\char\040`\\protect\040\\protect\040\\leavevmode@ifvmode\040\
\kern\040+.1667em\\relax\040function\\unhbox\040\\voidb@x\040\\kern\040\\z@\040
\\char\040`\\protect\040\\protect\040\\leavevmode@ifvmode\040\\kern\040+.1667em
\\relax\040missing\\unhbox\040\\voidb@x\040\\kern\040\\z@\040\\char\040`\\prote
ct\040\\protect\040\\leavevmode@ifvmode\040\\kern\040+.1667em\\relax\040missing
\\unhbox\040\\voidb@x\040\\kern\040\\z@\040\\char\040`\\protect\040\\protect\04
0\\leavevmode@ifvmode\040\\kern\040+.1667em\\relax\040missing.Rdash.method} has
 been referenced but does not exist, replaced by a fixed one


pdfTeX warning (dest): name{Rfn.UnBoundNonLinDecompOp\\unhbox\040\\voidb@x\040\
\kern\040\\z@\040\\char\040`\\protect\040\\protect\040\\leavevmode@ifvmode\040\
\kern\040+.1667em\\relax\040missing\\unhbox\040\\voidb@x\040\\kern\040\\z@\040\
\char\040`\\protect\040\\protect\040\\leavevmode@ifvmode\040\\kern\040+.1667em\
\relax\040vector\\unhbox\040\\voidb@x\040\\kern\040\\z@\040\\char\040`\\protect
\040\\protect\040\\leavevmode@ifvmode\040\\kern\040+.1667em\\relax\040vector\\u
nhbox\040\\voidb@x\040\\kern\040\\z@\040\\char\040`\\protect\040\\protect\040\\
leavevmode@ifvmode\040\\kern\040+.1667em\\relax\040numeric.Rdash.method} has be
en referenced but does not exist, replaced by a fixed one


pdfTeX warning (dest): name{Rfn.getFunctionDefinition\\unhbox\040\\voidb@x\040\
\kern\040\\z@\040\\char\040`\\protect\040\\protect\040\\leavevmode@ifvmode\040\
\kern\040+.1667em\\relax\040UnBoundLinDecompOp.Rdash.method} has been reference
d but does not exist, replaced by a fixed one


pdfTeX warning (dest): name{Rfn.optimize} has been referenced but does not exis
t, replaced by a fixed one


pdfTeX warning (dest): name{Rfn.list} has been referenced but does not exist, r
eplaced by a fixed one


pdfTeX warning (dest): name{Rfn.UnBoundLinDecompOp\\unhbox\040\\voidb@x\040\\ke
rn\040\\z@\040\\char\040`\\protect\040\\protect\040\\leavevmode@ifvmode\040\\ke
rn\040+.1667em\\relax\040function.Rdash.method} has been referenced but does no
t exist, replaced by a fixed one

</usr/local/texlive/2023/texmf-dist/fonts/type1/public/inconsolata/Inconsolata-
zi4r.pfb></usr/local/texlive/2023/texmf-dist/fonts/type1/public/amsfonts/cm/cmm
i10.pfb></usr/local/texlive/2023/texmf-dist/fonts/type1/public/amsfonts/cm/cmmi
7.pfb></usr/local/texlive/2023/texmf-dist/fonts/type1/public/amsfonts/cm/cmr10.
pfb></usr/local/texlive/2023/texmf-dist/fonts/type1/public/amsfonts/cm/cmr7.pfb
></usr/local/texlive/2023/texmf-dist/fonts/type1/public/amsfonts/cm/cmsy10.pfb>
</usr/local/texlive/2023/texmf-dist/fonts/type1/public/cm-super/sftt0900.pfb></
usr/local/texlive/2023/texmf-dist/fonts/type1/public/cm-super/sftt1000.pfb></us
r/local/texlive/2023/texmf-dist/fonts/type1/urw/helvetic/uhvr8a.pfb></usr/local
/texlive/2023/texmf-dist/fonts/type1/urw/times/utmb8a.pfb></usr/local/texlive/2
023/texmf-dist/fonts/type1/urw/times/utmr8a.pfb></usr/local/texlive/2023/texmf-
dist/fonts/type1/urw/times/utmr8a.pfb></usr/local/texlive/2023/texmf-dist/fonts
/type1/urw/times/utmri8a.pfb>
Output written on Rd2.pdf (264 pages, 624540 bytes).
PDF statistics:
 7358 PDF objects out of 7423 (max. 8388607)
 6995 compressed objects within 70 object streams
 2758 named destinations out of 2984 (max. 500000)
 3769 words of extra memory for PDF output out of 10000 (max. 10000000)

